<?xml version="1.0" encoding="UTF-8"?>
<!-- Generated by org.testng.reporters.JUnitXMLReporter -->
<testsuite ignored="0" hostname="ace" failures="0" tests="3" name="Default test" time="0.05" errors="0" timestamp="2024-09-16T12:45:39 IST">
  <testcase classname="dataprovider.Basics_01" name="datas" time="0.008"/>
  <testcase classname="dataprovider.Basics_01" name="datas" time="0.002"/>
  <testcase classname="dataprovider.Basics_01" name="datas" time="0.001"/>
</testsuite> <!-- Default test -->
