<?xml version="1.0" encoding="UTF-8"?>
<!-- Generated by org.testng.reporters.JUnitXMLReporter -->
<testsuite ignored="4" hostname="ace" failures="0" tests="4" name="Include and exclude" time="0.009" errors="0" timestamp="2024-09-16T13:31:19 IST">
  <testcase classname="basics.CarLoan" name="apiCar" time="0.003"/>
  <testcase classname="basics.HomeLoan" name="apiHome" time="0.001"/>
  <testcase classname="basics.CarLoan" name="webCar" time="0.002"/>
  <testcase classname="basics.HomeLoan" name="apiumHome" time="0.004"/>
  <testcase classname="basics.CarLoan" name="apiumCar" time="0.0">
    <ignored/>
  </testcase> <!-- apiumCar -->
  <testcase classname="basics.HomeLoan" name="webhomeLogin" time="0.0">
    <ignored/>
  </testcase> <!-- webhomeLogin -->
  <testcase classname="basics.HomeLoan" name="webhomeSignin" time="0.0">
    <ignored/>
  </testcase> <!-- webhomeSignin -->
  <testcase classname="basics.HomeLoan" name="webhome" time="0.0">
    <ignored/>
  </testcase> <!-- webhome -->
</testsuite> <!-- Include and exclude -->
