<?xml version="1.0" encoding="UTF-8"?>
<!-- Generated by org.testng.reporters.JUnitXMLReporter -->
<testsuite ignored="2" hostname="ace" failures="0" tests="2" name="Test" time="0.054" errors="0" timestamp="2024-09-18T18:49:33 IST">
  <testcase classname="alwayson.Alwaysrun" name="webhome" time="0.009"/>
  <testcase classname="alwayson.Alwaysrun" name="webhomeSignin" time="0.002"/>
  <testcase classname="alwayson.Alwaysrun" name="apiumHome" time="0.0">
    <ignored/>
  </testcase> <!-- apiumHome -->
  <testcase classname="alwayson.Alwaysrun" name="apiHome" time="0.0">
    <ignored/>
  </testcase> <!-- apiHome -->
</testsuite> <!-- Test -->
