<?xml version="1.0" encoding="UTF-8"?>
<testng-results ignored="0" total="2" passed="2" failed="0" skipped="0">
  <reporter-output>
  </reporter-output>
  <suite started-at="2024-09-18T18:49:33 IST" name="Suite" finished-at="2024-09-18T18:49:33 IST" duration-ms="54">
    <groups>
      <group name="something">
        <method signature="Alwaysrun.webhome()[pri:0, instance:alwayson.Alwaysrun@3b79fd76]" name="webhome" class="alwayson.Alwaysrun"/>
        <method signature="Alwaysrun.webhomeSignin()[pri:0, instance:alwayson.Alwaysrun@3b79fd76]" name="webhomeSignin" class="alwayson.Alwaysrun"/>
      </group> <!-- something -->
    </groups>
    <test started-at="2024-09-18T18:49:33 IST" name="Test" finished-at="2024-09-18T18:49:33 IST" duration-ms="54">
      <class name="alwayson.Alwaysrun">
        <test-method signature="webhome()[pri:0, instance:alwayson.Alwaysrun@3b79fd76]" started-at="2024-09-18T18:49:33 IST" name="webhome" finished-at="2024-09-18T18:49:33 IST" duration-ms="9" status="PASS">
          <reporter-output>
          </reporter-output>
        </test-method> <!-- webhome -->
        <test-method signature="webhomeSignin()[pri:0, instance:alwayson.Alwaysrun@3b79fd76]" started-at="2024-09-18T18:49:33 IST" name="webhomeSignin" finished-at="2024-09-18T18:49:33 IST" duration-ms="2" status="PASS">
          <reporter-output>
          </reporter-output>
        </test-method> <!-- webhomeSignin -->
      </class> <!-- alwayson.Alwaysrun -->
    </test> <!-- Test -->
  </suite> <!-- Suite -->
</testng-results>
